MSBuild version 18.7.8+1ac568fee for .NET Framework

  1>Checking Build System
  Compiling HLSL compute shader: asw_shader.hlsl -> asw_shader_cs_dx11.h
  Microsoft (R) Direct3D Shader Compiler 10.1
  Copyright (C) 2013 Microsoft. All rights reserved.
  
  compilation header save succeeded; see D:\a\NexVR-Engine\NexVR-Engine\build\bin\shaders\asw_shader_cs_dx11.h
  Compiling HLSL compute shader to DXIL: asw_shader.hlsl -> asw_shader_cs_dx12.h
  Compiling HLSL compute shader to SPIR-V: asw_shader.hlsl -> asw_shader_cs_vk.h
  Compiling HLSL compute shader: bilateral_blend.hlsl -> bilateral_blend_cs_dx11.h
  Microsoft (R) Direct3D Shader Compiler 10.1
  Copyright (C) 2013 Microsoft. All rights reserved.
  
  compilation header save succeeded; see D:\a\NexVR-Engine\NexVR-Engine\build\bin\shaders\bilateral_blend_cs_dx11.h
  Compiling HLSL compute shader to DXIL: bilateral_blend.hlsl -> bilateral_blend_cs_dx12.h
  Compiling HLSL compute shader to SPIR-V: bilateral_blend.hlsl -> bilateral_blend_cs_vk.h
  Compiling HLSL compute shader: bilateral_blur.hlsl -> bilateral_blur_cs_dx11.h
  Microsoft (R) Direct3D Shader Compiler 10.1
  Copyright (C) 2013 Microsoft. All rights reserved.
  
  compilation header save succeeded; see D:\a\NexVR-Engine\NexVR-Engine\build\bin\shaders\bilateral_blur_cs_dx11.h
  Compiling HLSL compute shader to DXIL: bilateral_blur.hlsl -> bilateral_blur_cs_dx12.h
  Compiling HLSL compute shader to SPIR-V: bilateral_blur.hlsl -> bilateral_blur_cs_vk.h
  Compiling HLSL compute shader: comfort_guard_analysis.hlsl -> comfort_guard_analysis_cs_dx11.h
  Microsoft (R) Direct3D Shader Compiler 10.1
  Copyright (C) 2013 Microsoft. All rights reserved.
  
  compilation header save succeeded; see D:\a\NexVR-Engine\NexVR-Engine\build\bin\shaders\comfort_guard_analysis_cs_dx11.h
  Compiling HLSL compute shader to DXIL: comfort_guard_analysis.hlsl -> comfort_guard_analysis_cs_dx12.h
  Compiling HLSL compute shader to SPIR-V: comfort_guard_analysis.hlsl -> comfort_guard_analysis_cs_vk.h
  Compiling HLSL compute shader: depth_reprojection.hlsl -> depth_reprojection_cs_dx11.h
  Microsoft (R) Direct3D Shader Compiler 10.1
  Copyright (C) 2013 Microsoft. All rights reserved.
  
  compilation header save succeeded; see D:\a\NexVR-Engine\NexVR-Engine\build\bin\shaders\depth_reprojection_cs_dx11.h
  Compiling HLSL compute shader to DXIL: depth_reprojection.hlsl -> depth_reprojection_cs_dx12.h
  Compiling HLSL compute shader to SPIR-V: depth_reprojection.hlsl -> depth_reprojection_cs_vk.h
  Compiling HLSL compute shader: disocclusion_fill.hlsl -> disocclusion_fill_cs_dx11.h
  Microsoft (R) Direct3D Shader Compiler 10.1
  Copyright (C) 2013 Microsoft. All rights reserved.
  
  compilation header save succeeded; see D:\a\NexVR-Engine\NexVR-Engine\build\bin\shaders\disocclusion_fill_cs_dx11.h
  Compiling HLSL compute shader to DXIL: disocclusion_fill.hlsl -> disocclusion_fill_cs_dx12.h
  Compiling HLSL compute shader to SPIR-V: disocclusion_fill.hlsl -> disocclusion_fill_cs_vk.h
  Compiling HLSL compute shader: stereo_resolve.hlsl -> stereo_resolve_cs_dx11.h
  Microsoft (R) Direct3D Shader Compiler 10.1
  Copyright (C) 2013 Microsoft. All rights reserved.
  
  compilation header save succeeded; see D:\a\NexVR-Engine\NexVR-Engine\build\bin\shaders\stereo_resolve_cs_dx11.h
  Compiling HLSL compute shader to DXIL: stereo_resolve.hlsl -> stereo_resolve_cs_dx12.h
  Compiling HLSL compute shader to SPIR-V: stereo_resolve.hlsl -> stereo_resolve_cs_vk.h
  Compiling HLSL compute shader: stereo_warp.hlsl -> stereo_warp_cs_dx11.h
  Microsoft (R) Direct3D Shader Compiler 10.1
  Copyright (C) 2013 Microsoft. All rights reserved.
  
  compilation header save succeeded; see D:\a\NexVR-Engine\NexVR-Engine\build\bin\shaders\stereo_warp_cs_dx11.h
  Compiling HLSL compute shader to DXIL: stereo_warp.hlsl -> stereo_warp_cs_dx12.h
  Compiling HLSL compute shader to SPIR-V: stereo_warp.hlsl -> stereo_warp_cs_vk.h
  Compiling HLSL compute shader: tonemap.hlsl -> tonemap_cs_dx11.h
  Microsoft (R) Direct3D Shader Compiler 10.1
  Copyright (C) 2013 Microsoft. All rights reserved.
  
  compilation header save succeeded; see D:\a\NexVR-Engine\NexVR-Engine\build\bin\shaders\tonemap_cs_dx11.h
  Compiling HLSL compute shader to DXIL: tonemap.hlsl -> tonemap_cs_dx12.h
  Compiling HLSL compute shader to SPIR-V: tonemap.hlsl -> tonemap_cs_vk.h
  Building Custom Rule D:/a/NexVR-Engine/NexVR-Engine/CMakeLists.txt
  Building Custom Rule D:/a/NexVR-Engine/NexVR-Engine/CMakeLists.txt
  dummy_d3d11_app.cpp
  dummy_app.vcxproj -> D:\a\NexVR-Engine\NexVR-Engine\build\bin\dummy_app.exe
  Building Custom Rule D:/a/NexVR-Engine/NexVR-Engine/CMakeLists.txt
  dxgi_proxy.cpp
     Creating library D:/a/NexVR-Engine/NexVR-Engine/build/bin/dxgi.lib and object D:/a/NexVR-Engine/NexVR-Engine/build/bin/dxgi.exp
  dxgi_proxy.vcxproj -> D:\a\NexVR-Engine\NexVR-Engine\build\bin\dxgi.dll
  Signing dxgi.dll
EXEC : SignTool error : An error occurred while attempting to load the signing [D:\a\NexVR-Engine\NexVR-Engine\build\dxgi_proxy.vcxproj]
  
  	certificate from: D:\a\NexVR-Engine\NexVR-Engine\cert.pfx
  
C:\Program Files\Microsoft Visual Studio\18\Enterprise\MSBuild\Microsoft\VC\v180\Microsoft.CppCommon.targets(166,5): error MSB3073: The command "setlocal [D:\a\NexVR-Engine\NexVR-Engine\build\dxgi_proxy.vcxproj]
C:\Program Files\Microsoft Visual Studio\18\Enterprise\MSBuild\Microsoft\VC\v180\Microsoft.CppCommon.targets(166,5): error MSB3073: signtool.exe sign /f D:\a\NexVR-Engine\NexVR-Engine\cert.pfx /p test123 /tr http://timestamp.digicert.com /td sha256 /fd sha256 D:/a/NexVR-Engine/NexVR-Engine/build/bin/dxgi.dll [D:\a\NexVR-Engine\NexVR-Engine\build\dxgi_proxy.vcxproj]
C:\Program Files\Microsoft Visual Studio\18\Enterprise\MSBuild\Microsoft\VC\v180\Microsoft.CppCommon.targets(166,5): error MSB3073: if %errorlevel% neq 0 goto :cmEnd [D:\a\NexVR-Engine\NexVR-Engine\build\dxgi_proxy.vcxproj]
C:\Program Files\Microsoft Visual Studio\18\Enterprise\MSBuild\Microsoft\VC\v180\Microsoft.CppCommon.targets(166,5): error MSB3073: :cmEnd [D:\a\NexVR-Engine\NexVR-Engine\build\dxgi_proxy.vcxproj]
C:\Program Files\Microsoft Visual Studio\18\Enterprise\MSBuild\Microsoft\VC\v180\Microsoft.CppCommon.targets(166,5): error MSB3073: endlocal & call :cmErrorLevel %errorlevel% & goto :cmDone [D:\a\NexVR-Engine\NexVR-Engine\build\dxgi_proxy.vcxproj]
C:\Program Files\Microsoft Visual Studio\18\Enterprise\MSBuild\Microsoft\VC\v180\Microsoft.CppCommon.targets(166,5): error MSB3073: :cmErrorLevel [D:\a\NexVR-Engine\NexVR-Engine\build\dxgi_proxy.vcxproj]
C:\Program Files\Microsoft Visual Studio\18\Enterprise\MSBuild\Microsoft\VC\v180\Microsoft.CppCommon.targets(166,5): error MSB3073: exit /b %1 [D:\a\NexVR-Engine\NexVR-Engine\build\dxgi_proxy.vcxproj]
C:\Program Files\Microsoft Visual Studio\18\Enterprise\MSBuild\Microsoft\VC\v180\Microsoft.CppCommon.targets(166,5): error MSB3073: :cmDone [D:\a\NexVR-Engine\NexVR-Engine\build\dxgi_proxy.vcxproj]
C:\Program Files\Microsoft Visual Studio\18\Enterprise\MSBuild\Microsoft\VC\v180\Microsoft.CppCommon.targets(166,5): error MSB3073: if %errorlevel% neq 0 goto :VCEnd [D:\a\NexVR-Engine\NexVR-Engine\build\dxgi_proxy.vcxproj]
C:\Program Files\Microsoft Visual Studio\18\Enterprise\MSBuild\Microsoft\VC\v180\Microsoft.CppCommon.targets(166,5): error MSB3073: :VCEnd" exited with code 1. [D:\a\NexVR-Engine\NexVR-Engine\build\dxgi_proxy.vcxproj]
  Building Custom Rule D:/a/NexVR-Engine/NexVR-Engine/CMakeLists.txt
  test_app.cpp
  test_app.vcxproj -> D:\a\NexVR-Engine\NexVR-Engine\build\bin\test_app.exe
  Building Custom Rule D:/a/NexVR-Engine/NexVR-Engine/build/_deps/openxr-src/include/openxr/CMakeLists.txt
  Building Custom Rule D:/a/NexVR-Engine/NexVR-Engine/build/_deps/openxr-src/src/CMakeLists.txt
  Building Custom Rule D:/a/NexVR-Engine/NexVR-Engine/build/_deps/openxr-src/src/loader/CMakeLists.txt
  android_utilities.cpp
  api_layer_interface.cpp
  loader_core.cpp
  loader_init_data.cpp
  loader_instance.cpp
  loader_logger.cpp
  loader_logger_recorders.cpp
  manifest_file.cpp
  runtime_interface.cpp
  object_info.cpp
  xr_generated_loader.cpp
  filesystem_utils.cpp
  json_reader.cpp
  json_value.cpp
  json_writer.cpp
  Generating Code...
  xr_generated_dispatch_table_core.c
  openxr_loader.vcxproj -> D:\a\NexVR-Engine\NexVR-Engine\build\bin\openxr_loader.lib
  Building Custom Rule D:/a/NexVR-Engine/NexVR-Engine/CMakeLists.txt
  test_xr.cpp
  test_xr.vcxproj -> D:\a\NexVR-Engine\NexVR-Engine\build\bin\test_xr.exe
  Building Custom Rule D:/a/NexVR-Engine/NexVR-Engine/CMakeLists.txt
  vk_test_app.cpp
  vk_test_app.vcxproj -> D:\a\NexVR-Engine\NexVR-Engine\build\bin\vk_test_app.exe
  Building Custom Rule D:/a/NexVR-Engine/NexVR-Engine/CMakeLists.txt
  Building Custom Rule D:/a/NexVR-Engine/NexVR-Engine/CMakeLists.txt
  dllmain.cpp
  engine_detector.cpp
  drm_manager.cpp
  hook_manager.cpp
  unreal_hook.cpp
  unity_hook.cpp
  memory_scanner.cpp
  dx11_renderer.cpp
  dx12_renderer.cpp
  vulkan_renderer.cpp
  dx11_hook.cpp
  dx12_hook.cpp
  dxgi_factory_hook.cpp
  vulkan_layer.cpp
  stereo_pipeline.cpp
  comfort_guard.cpp
  depth_reprojector.cpp
  neural_inpainter.cpp
  openxr_manager.cpp
  cross_adapter_copier.cpp
  Generating Code...
  Compiling...
  unreal_scanner.cpp
  unity_scanner.cpp
  motion_predictor.cpp
  input_hook.cpp
  input_manager.cpp
  audio_hook.cpp
  matrix_classifier.cpp
  config_manager.cpp
  overlay_manager.cpp
  imgui_dx12_integration.cpp
  universal_scanner.cpp
  imgui.cpp
  imgui_draw.cpp
  imgui_tables.cpp
  imgui_widgets.cpp
  imgui_impl_win32.cpp
  imgui_impl_dx11.cpp
  imgui_impl_dx12.cpp
  imgui_impl_vulkan.cpp
  Generating Code...
  buffer.c
  hook.c
  trampoline.c
  hde32.c
  hde64.c
  Generating Code...
     Creating library D:/a/NexVR-Engine/NexVR-Engine/build/bin/vrinject.lib and object D:/a/NexVR-Engine/NexVR-Engine/build/bin/vrinject.exp
  vrinject.vcxproj -> D:\a\NexVR-Engine\NexVR-Engine\build\bin\vrinject.dll
  Signing vrinject.dll	Generating DLL hash header
EXEC : SignTool error : An error occurred while attempting to load the signing [D:\a\NexVR-Engine\NexVR-Engine\build\vrinject.vcxproj]
  
  	certificate from: D:\a\NexVR-Engine\NexVR-Engine\cert.pfx
  
C:\Program Files\Microsoft Visual Studio\18\Enterprise\MSBuild\Microsoft\VC\v180\Microsoft.CppCommon.targets(166,5): error MSB3073: The command "setlocal [D:\a\NexVR-Engine\NexVR-Engine\build\vrinject.vcxproj]
C:\Program Files\Microsoft Visual Studio\18\Enterprise\MSBuild\Microsoft\VC\v180\Microsoft.CppCommon.targets(166,5): error MSB3073: signtool.exe sign /f D:\a\NexVR-Engine\NexVR-Engine\cert.pfx /p test123 /tr http://timestamp.digicert.com /td sha256 /fd sha256 D:/a/NexVR-Engine/NexVR-Engine/build/bin/vrinject.dll [D:\a\NexVR-Engine\NexVR-Engine\build\vrinject.vcxproj]
C:\Program Files\Microsoft Visual Studio\18\Enterprise\MSBuild\Microsoft\VC\v180\Microsoft.CppCommon.targets(166,5): error MSB3073: if %errorlevel% neq 0 goto :cmEnd [D:\a\NexVR-Engine\NexVR-Engine\build\vrinject.vcxproj]
C:\Program Files\Microsoft Visual Studio\18\Enterprise\MSBuild\Microsoft\VC\v180\Microsoft.CppCommon.targets(166,5): error MSB3073: :cmEnd [D:\a\NexVR-Engine\NexVR-Engine\build\vrinject.vcxproj]
C:\Program Files\Microsoft Visual Studio\18\Enterprise\MSBuild\Microsoft\VC\v180\Microsoft.CppCommon.targets(166,5): error MSB3073: endlocal & call :cmErrorLevel %errorlevel% & goto :cmDone [D:\a\NexVR-Engine\NexVR-Engine\build\vrinject.vcxproj]
C:\Program Files\Microsoft Visual Studio\18\Enterprise\MSBuild\Microsoft\VC\v180\Microsoft.CppCommon.targets(166,5): error MSB3073: :cmErrorLevel [D:\a\NexVR-Engine\NexVR-Engine\build\vrinject.vcxproj]
C:\Program Files\Microsoft Visual Studio\18\Enterprise\MSBuild\Microsoft\VC\v180\Microsoft.CppCommon.targets(166,5): error MSB3073: exit /b %1 [D:\a\NexVR-Engine\NexVR-Engine\build\vrinject.vcxproj]
C:\Program Files\Microsoft Visual Studio\18\Enterprise\MSBuild\Microsoft\VC\v180\Microsoft.CppCommon.targets(166,5): error MSB3073: :cmDone [D:\a\NexVR-Engine\NexVR-Engine\build\vrinject.vcxproj]
C:\Program Files\Microsoft Visual Studio\18\Enterprise\MSBuild\Microsoft\VC\v180\Microsoft.CppCommon.targets(166,5): error MSB3073: if %errorlevel% neq 0 goto :VCEnd [D:\a\NexVR-Engine\NexVR-Engine\build\vrinject.vcxproj]
C:\Program Files\Microsoft Visual Studio\18\Enterprise\MSBuild\Microsoft\VC\v180\Microsoft.CppCommon.targets(166,5): error MSB3073: setlocal [D:\a\NexVR-Engine\NexVR-Engine\build\vrinject.vcxproj]
C:\Program Files\Microsoft Visual Studio\18\Enterprise\MSBuild\Microsoft\VC\v180\Microsoft.CppCommon.targets(166,5): error MSB3073: powershell -NonInteractive -NoProfile -ExecutionPolicy Bypass -File D:/a/NexVR-Engine/NexVR-Engine/build/generate_hash.ps1 D:/a/NexVR-Engine/NexVR-Engine/build/bin/vrinject.dll D:/a/NexVR-Engine/NexVR-Engine/build/expected_hash.h [D:\a\NexVR-Engine\NexVR-Engine\build\vrinject.vcxproj]
C:\Program Files\Microsoft Visual Studio\18\Enterprise\MSBuild\Microsoft\VC\v180\Microsoft.CppCommon.targets(166,5): error MSB3073: if %errorlevel% neq 0 goto :cmEnd [D:\a\NexVR-Engine\NexVR-Engine\build\vrinject.vcxproj]
C:\Program Files\Microsoft Visual Studio\18\Enterprise\MSBuild\Microsoft\VC\v180\Microsoft.CppCommon.targets(166,5): error MSB3073: :cmEnd [D:\a\NexVR-Engine\NexVR-Engine\build\vrinject.vcxproj]
C:\Program Files\Microsoft Visual Studio\18\Enterprise\MSBuild\Microsoft\VC\v180\Microsoft.CppCommon.targets(166,5): error MSB3073: endlocal & call :cmErrorLevel %errorlevel% & goto :cmDone [D:\a\NexVR-Engine\NexVR-Engine\build\vrinject.vcxproj]
C:\Program Files\Microsoft Visual Studio\18\Enterprise\MSBuild\Microsoft\VC\v180\Microsoft.CppCommon.targets(166,5): error MSB3073: :cmErrorLevel [D:\a\NexVR-Engine\NexVR-Engine\build\vrinject.vcxproj]
C:\Program Files\Microsoft Visual Studio\18\Enterprise\MSBuild\Microsoft\VC\v180\Microsoft.CppCommon.targets(166,5): error MSB3073: exit /b %1 [D:\a\NexVR-Engine\NexVR-Engine\build\vrinject.vcxproj]
C:\Program Files\Microsoft Visual Studio\18\Enterprise\MSBuild\Microsoft\VC\v180\Microsoft.CppCommon.targets(166,5): error MSB3073: :cmDone [D:\a\NexVR-Engine\NexVR-Engine\build\vrinject.vcxproj]
C:\Program Files\Microsoft Visual Studio\18\Enterprise\MSBuild\Microsoft\VC\v180\Microsoft.CppCommon.targets(166,5): error MSB3073: if %errorlevel% neq 0 goto :VCEnd [D:\a\NexVR-Engine\NexVR-Engine\build\vrinject.vcxproj]
C:\Program Files\Microsoft Visual Studio\18\Enterprise\MSBuild\Microsoft\VC\v180\Microsoft.CppCommon.targets(166,5): error MSB3073: :VCEnd" exited with code 1. [D:\a\NexVR-Engine\NexVR-Engine\build\vrinject.vcxproj]

